{"total": {"lines":{"total":1566,"covered":1561,"skipped":0,"pct":99.68},"statements":{"total":1566,"covered":1561,"skipped":0,"pct":99.68},"functions":{"total":84,"covered":83,"skipped":0,"pct":98.8},"branches":{"total":324,"covered":315,"skipped":0,"pct":97.22},"branchesTrue":{"total":0,"covered":0,"skipped":0,"pct":100}}
,"/sessions/gallant-sharp-tesla/mnt/video-downloader/frontend/src/App.tsx": {"lines":{"total":134,"covered":134,"skipped":0,"pct":100},"functions":{"total":8,"covered":8,"skipped":0,"pct":100},"statements":{"total":134,"covered":134,"skipped":0,"pct":100},"branches":{"total":33,"covered":33,"skipped":0,"pct":100}}
,"/sessions/gallant-sharp-tesla/mnt/video-downloader/frontend/src/api/client.ts": {"lines":{"total":305,"covered":302,"skipped":0,"pct":99.01},"functions":{"total":22,"covered":21,"skipped":0,"pct":95.45},"statements":{"total":305,"covered":302,"skipped":0,"pct":99.01},"branches":{"total":31,"covered":31,"skipped":0,"pct":100}}
,"/sessions/gallant-sharp-tesla/mnt/video-downloader/frontend/src/components/Library/LibraryTab.tsx": {"lines":{"total":177,"covered":177,"skipped":0,"pct":100},"functions":{"total":7,"covered":7,"skipped":0,"pct":100},"statements":{"total":177,"covered":177,"skipped":0,"pct":100},"branches":{"total":32,"covered":32,"skipped":0,"pct":100}}
,"/sessions/gallant-sharp-tesla/mnt/video-downloader/frontend/src/components/Library/MediaModal.tsx": {"lines":{"total":206,"covered":205,"skipped":0,"pct":99.51},"functions":{"total":7,"covered":7,"skipped":0,"pct":100},"statements":{"total":206,"covered":205,"skipped":0,"pct":99.51},"branches":{"total":41,"covered":40,"skipped":0,"pct":97.56}}
,"/sessions/gallant-sharp-tesla/mnt/video-downloader/frontend/src/components/NowPlaying/NowPlayingTab.tsx": {"lines":{"total":202,"covered":201,"skipped":0,"pct":99.5},"functions":{"total":12,"covered":12,"skipped":0,"pct":100},"statements":{"total":202,"covered":201,"skipped":0,"pct":99.5},"branches":{"total":43,"covered":40,"skipped":0,"pct":93.02}}
,"/sessions/gallant-sharp-tesla/mnt/video-downloader/frontend/src/components/Queue/QueueTab.tsx": {"lines":{"total":290,"covered":290,"skipped":0,"pct":100},"functions":{"total":15,"covered":15,"skipped":0,"pct":100},"statements":{"total":290,"covered":290,"skipped":0,"pct":100},"branches":{"total":74,"covered":70,"skipped":0,"pct":94.59}}
,"/sessions/gallant-sharp-tesla/mnt/video-downloader/frontend/src/components/Settings/SettingsTab.tsx": {"lines":{"total":199,"covered":199,"skipped":0,"pct":100},"functions":{"total":8,"covered":8,"skipped":0,"pct":100},"statements":{"total":199,"covered":199,"skipped":0,"pct":100},"branches":{"total":48,"covered":47,"skipped":0,"pct":97.91}}
,"/sessions/gallant-sharp-tesla/mnt/video-downloader/frontend/src/utils/format.ts": {"lines":{"total":53,"covered":53,"skipped":0,"pct":100},"functions":{"total":5,"covered":5,"skipped":0,"pct":100},"statements":{"total":53,"covered":53,"skipped":0,"pct":100},"branches":{"total":22,"covered":22,"skipped":0,"pct":100}}
}
