{"numTotalTestSuites":68,"numPassedTestSuites":68,"numFailedTestSuites":0,"numPendingTestSuites":0,"numTotalTests":200,"numPassedTests":166,"numFailedTests":34,"numPendingTests":0,"numTodoTests":0,"startTime":1774221325566,"success":false,"testResults":[{"assertionResults":[{"ancestorTitles":["","App","Initial render"],"fullName":" App Initial render should render header with app title","status":"passed","title":"should render header with app title","duration":24,"failureMessages":[]},{"ancestorTitles":["","App","Initial render"],"fullName":" App Initial render should render all three tab buttons","status":"passed","title":"should render all three tab buttons","duration":86,"failureMessages":[]},{"ancestorTitles":["","App","Initial render"],"fullName":" App Initial render should show Queue tab by default","status":"passed","title":"should show Queue tab by default","duration":2,"failureMessages":[]},{"ancestorTitles":["","App","Connection status"],"fullName":" App Connection status should show Disconnected initially","status":"passed","title":"should show Disconnected initially","duration":4,"failureMessages":[]},{"ancestorTitles":["","App","Connection status"],"fullName":" App Connection status should show Connected after successful status check","status":"passed","title":"should show Connected after successful status check","duration":13,"failureMessages":[]},{"ancestorTitles":["","App","Connection status"],"fullName":" App Connection status should show Disconnected after failed status check","status":"passed","title":"should show Disconnected after failed status check","duration":7,"failureMessages":[]},{"ancestorTitles":["","App","Connection status"],"fullName":" App Connection status should poll status every 30 seconds","status":"passed","title":"should poll status every 30 seconds","duration":7,"failureMessages":[]},{"ancestorTitles":["","App","Connection status"],"fullName":" App Connection status should clear status poll interval on unmount","status":"passed","title":"should clear status poll interval on unmount","duration":5,"failureMessages":[]},{"ancestorTitles":["","App","Tab navigation"],"fullName":" App Tab navigation should switch to Library tab","status":"passed","title":"should switch to Library tab","duration":47,"failureMessages":[]},{"ancestorTitles":["","App","Tab navigation"],"fullName":" App Tab navigation should switch to Now Playing tab","status":"passed","title":"should switch to Now Playing tab","duration":52,"failureMessages":[]},{"ancestorTitles":["","App","Tab navigation"],"fullName":" App Tab navigation should switch back to Queue tab","status":"passed","title":"should switch back to Queue tab","duration":81,"failureMessages":[]},{"ancestorTitles":["","App","Tab navigation"],"fullName":" App Tab navigation should switch to Now Playing when onPlay is called from Library","status":"passed","title":"should switch to Now Playing when onPlay is called from Library","duration":61,"failureMessages":[]},{"ancestorTitles":["","App","Toast notifications"],"fullName":" App Toast notifications should render toast when showToast is called","status":"passed","title":"should render toast when showToast is called","duration":4,"failureMessages":[]},{"ancestorTitles":["","App","Toast notifications"],"fullName":" App Toast notifications should render error toast with correct class","status":"passed","title":"should render error toast with correct class","duration":3,"failureMessages":[]},{"ancestorTitles":["","App","Toast notifications"],"fullName":" App Toast notifications should render info toast by default type","status":"passed","title":"should render info toast by default type","duration":3,"failureMessages":[]},{"ancestorTitles":["","App","Toast notifications"],"fullName":" App Toast notifications should auto-dismiss toast after 5 seconds","status":"passed","title":"should auto-dismiss toast after 5 seconds","duration":5,"failureMessages":[]},{"ancestorTitles":["","App","Toast notifications"],"fullName":" App Toast notifications should stack multiple toasts","status":"passed","title":"should stack multiple toasts","duration":8,"failureMessages":[]}],"startTime":1774221326394,"endTime":1774221326806,"status":"passed","message":"","name":"/Users/noahheath/Workspace/video-downloader/.claude/worktrees/hardcore-goldstine/frontend/src/App.test.tsx"},{"assertionResults":[{"ancestorTitles":["","apiClient","checkStatus"],"fullName":" apiClient checkStatus should fetch status and return response","status":"passed","title":"should fetch status and return response","duration":2,"failureMessages":[]},{"ancestorTitles":["","apiClient","checkStatus"],"fullName":" apiClient checkStatus should throw error on HTTP error status","status":"passed","title":"should throw error on HTTP error status","duration":0,"failureMessages":[]},{"ancestorTitles":["","apiClient","checkStatus"],"fullName":" apiClient checkStatus should use default message when error detail is unavailable","status":"passed","title":"should use default message when error detail is unavailable","duration":1,"failureMessages":[]},{"ancestorTitles":["","apiClient","searchMedia"],"fullName":" apiClient searchMedia should send query and return search response","status":"passed","title":"should send query and return search response","duration":0,"failureMessages":[]},{"ancestorTitles":["","apiClient","searchMedia"],"fullName":" apiClient searchMedia should handle search error","status":"passed","title":"should handle search error","duration":0,"failureMessages":[]},{"ancestorTitles":["","apiClient","downloadStream"],"fullName":" apiClient downloadStream should send snake_case keys in request body","status":"passed","title":"should send snake_case keys in request body","duration":0,"failureMessages":[]},{"ancestorTitles":["","apiClient","downloadStream"],"fullName":" apiClient downloadStream should return typed response","status":"passed","title":"should return typed response","duration":0,"failureMessages":[]},{"ancestorTitles":["","apiClient","getJobs"],"fullName":" apiClient getJobs should unwrap jobs array from envelope","status":"passed","title":"should unwrap jobs array from envelope","duration":0,"failureMessages":[]},{"ancestorTitles":["","apiClient","getJobs"],"fullName":" apiClient getJobs should return empty array when no jobs","status":"passed","title":"should return empty array when no jobs","duration":0,"failureMessages":[]},{"ancestorTitles":["","apiClient","getLibrary"],"fullName":" apiClient getLibrary should unwrap items array from envelope","status":"passed","title":"should unwrap items array from envelope","duration":1,"failureMessages":[]},{"ancestorTitles":["","apiClient","getLibrary"],"fullName":" apiClient getLibrary should pass force parameter","status":"passed","title":"should pass force parameter","duration":0,"failureMessages":[]},{"ancestorTitles":["","apiClient","getPosterUrl"],"fullName":" apiClient getPosterUrl should generate correct URL with encoded path","status":"passed","title":"should generate correct URL with encoded path","duration":0,"failureMessages":[]},{"ancestorTitles":["","apiClient","getPosterUrl"],"fullName":" apiClient getPosterUrl should encode special characters in path","status":"passed","title":"should encode special characters in path","duration":1,"failureMessages":[]},{"ancestorTitles":["","apiClient","getPosterUrl"],"fullName":" apiClient getPosterUrl should start with correct base path","status":"passed","title":"should start with correct base path","duration":0,"failureMessages":[]},{"ancestorTitles":["","apiClient","error handling"],"fullName":" apiClient error handling should include status code in error","status":"passed","title":"should include status code in error","duration":0,"failureMessages":[]},{"ancestorTitles":["","apiClient","error handling"],"fullName":" apiClient error handling should handle JSON parse error gracefully","status":"passed","title":"should handle JSON parse error gracefully","duration":0,"failureMessages":[]},{"ancestorTitles":["","apiClient","error handling"],"fullName":" apiClient error handling should handle network errors","status":"passed","title":"should handle network errors","duration":0,"failureMessages":[]},{"ancestorTitles":["","apiClient","error handling"],"fullName":" apiClient error handling should prioritize detail over error message","status":"passed","title":"should prioritize detail over error message","duration":1,"failureMessages":[]},{"ancestorTitles":["","apiClient","retryJob"],"fullName":" apiClient retryJob should send POST to retry endpoint","status":"passed","title":"should send POST to retry endpoint","duration":0,"failureMessages":[]},{"ancestorTitles":["","apiClient","getTmdbPoster"],"fullName":" apiClient getTmdbPoster should fetch TMDB poster with required params","status":"passed","title":"should fetch TMDB poster with required params","duration":1,"failureMessages":[]},{"ancestorTitles":["","apiClient","getTmdbPoster"],"fullName":" apiClient getTmdbPoster should include optional year and type params","status":"passed","title":"should include optional year and type params","duration":1,"failureMessages":[]},{"ancestorTitles":["","apiClient","getEpisodes"],"fullName":" apiClient getEpisodes should unwrap seasons from envelope","status":"passed","title":"should unwrap seasons from envelope","duration":0,"failureMessages":[]},{"ancestorTitles":["","apiClient","getEpisodes"],"fullName":" apiClient getEpisodes should include folder_archive when provided","status":"passed","title":"should include folder_archive when provided","duration":1,"failureMessages":[]},{"ancestorTitles":["","apiClient","getProgress"],"fullName":" apiClient getProgress should fetch progress for a given path","status":"passed","title":"should fetch progress for a given path","duration":0,"failureMessages":[]},{"ancestorTitles":["","apiClient","saveProgress"],"fullName":" apiClient saveProgress should POST progress data","status":"passed","title":"should POST progress data","duration":1,"failureMessages":[]},{"ancestorTitles":["","apiClient","getMpcStatus"],"fullName":" apiClient getMpcStatus should fetch MPC status","status":"passed","title":"should fetch MPC status","duration":0,"failureMessages":[]},{"ancestorTitles":["","apiClient","sendMpcCommand"],"fullName":" apiClient sendMpcCommand should send command without position","status":"passed","title":"should send command without position","duration":0,"failureMessages":[]},{"ancestorTitles":["","apiClient","sendMpcCommand"],"fullName":" apiClient sendMpcCommand should send command with position","status":"passed","title":"should send command with position","duration":1,"failureMessages":[]},{"ancestorTitles":["","apiClient","openInMpc"],"fullName":" apiClient openInMpc should open file in MPC without playlist","status":"passed","title":"should open file in MPC without playlist","duration":0,"failureMessages":[]},{"ancestorTitles":["","apiClient","openInMpc"],"fullName":" apiClient openInMpc should open file with playlist","status":"passed","title":"should open file with playlist","duration":0,"failureMessages":[]},{"ancestorTitles":["","apiClient","other API methods"],"fullName":" apiClient other API methods should get single job","status":"passed","title":"should get single job","duration":0,"failureMessages":[]},{"ancestorTitles":["","apiClient","other API methods"],"fullName":" apiClient other API methods should refresh library","status":"passed","title":"should refresh library","duration":1,"failureMessages":[]},{"ancestorTitles":["","apiClient","other API methods"],"fullName":" apiClient other API methods should delete a job","status":"passed","title":"should delete a job","duration":0,"failureMessages":[]}],"startTime":1774221326281,"endTime":1774221326294,"status":"passed","message":"","name":"/Users/noahheath/Workspace/video-downloader/.claude/worktrees/hardcore-goldstine/frontend/src/api/client.test.ts"},{"assertionResults":[{"ancestorTitles":["","format utilities","formatSize"],"fullName":" format utilities formatSize should format 0 bytes","status":"passed","title":"should format 0 bytes","duration":1,"failureMessages":[]},{"ancestorTitles":["","format utilities","formatSize"],"fullName":" format utilities formatSize should format bytes","status":"passed","title":"should format bytes","duration":1,"failureMessages":[]},{"ancestorTitles":["","format utilities","formatSize"],"fullName":" format utilities formatSize should format kilobytes","status":"passed","title":"should format kilobytes","duration":0,"failureMessages":[]},{"ancestorTitles":["","format utilities","formatSize"],"fullName":" format utilities formatSize should format megabytes","status":"passed","title":"should format megabytes","duration":0,"failureMessages":[]},{"ancestorTitles":["","format utilities","formatSize"],"fullName":" format utilities formatSize should format gigabytes","status":"passed","title":"should format gigabytes","duration":0,"failureMessages":[]},{"ancestorTitles":["","format utilities","formatSize"],"fullName":" format utilities formatSize should format terabytes","status":"passed","title":"should format terabytes","duration":0,"failureMessages":[]},{"ancestorTitles":["","format utilities","formatMs"],"fullName":" format utilities formatMs should handle negative milliseconds","status":"passed","title":"should handle negative milliseconds","duration":0,"failureMessages":[]},{"ancestorTitles":["","format utilities","formatMs"],"fullName":" format utilities formatMs should format seconds only","status":"passed","title":"should format seconds only","duration":1,"failureMessages":[]},{"ancestorTitles":["","format utilities","formatMs"],"fullName":" format utilities formatMs should format minutes and seconds","status":"passed","title":"should format minutes and seconds","duration":0,"failureMessages":[]},{"ancestorTitles":["","format utilities","formatMs"],"fullName":" format utilities formatMs should format hours, minutes, and seconds","status":"passed","title":"should format hours, minutes, and seconds","duration":0,"failureMessages":[]},{"ancestorTitles":["","format utilities","formatMs"],"fullName":" format utilities formatMs should pad minutes and seconds with leading zeros","status":"passed","title":"should pad minutes and seconds with leading zeros","duration":0,"failureMessages":[]},{"ancestorTitles":["","format utilities","timeAgo"],"fullName":" format utilities timeAgo should return \"just now\" for timestamps within 60 seconds","status":"passed","title":"should return \"just now\" for timestamps within 60 seconds","duration":2,"failureMessages":[]},{"ancestorTitles":["","format utilities","timeAgo"],"fullName":" format utilities timeAgo should return minutes ago","status":"passed","title":"should return minutes ago","duration":0,"failureMessages":[]},{"ancestorTitles":["","format utilities","timeAgo"],"fullName":" format utilities timeAgo should return hours ago","status":"passed","title":"should return hours ago","duration":0,"failureMessages":[]},{"ancestorTitles":["","format utilities","timeAgo"],"fullName":" format utilities timeAgo should return days ago","status":"passed","title":"should return days ago","duration":0,"failureMessages":[]},{"ancestorTitles":["","format utilities","timeAgo"],"fullName":" format utilities timeAgo should return localized date for older timestamps","status":"passed","title":"should return localized date for older timestamps","duration":16,"failureMessages":[]},{"ancestorTitles":["","format utilities","escapeHtml"],"fullName":" format utilities escapeHtml should escape ampersands","status":"passed","title":"should escape ampersands","duration":0,"failureMessages":[]},{"ancestorTitles":["","format utilities","escapeHtml"],"fullName":" format utilities escapeHtml should escape less-than signs","status":"passed","title":"should escape less-than signs","duration":0,"failureMessages":[]},{"ancestorTitles":["","format utilities","escapeHtml"],"fullName":" format utilities escapeHtml should escape greater-than signs","status":"passed","title":"should escape greater-than signs","duration":0,"failureMessages":[]},{"ancestorTitles":["","format utilities","escapeHtml"],"fullName":" format utilities escapeHtml should escape double quotes","status":"passed","title":"should escape double quotes","duration":1,"failureMessages":[]},{"ancestorTitles":["","format utilities","escapeHtml"],"fullName":" format utilities escapeHtml should escape single quotes","status":"passed","title":"should escape single quotes","duration":0,"failureMessages":[]},{"ancestorTitles":["","format utilities","escapeHtml"],"fullName":" format utilities escapeHtml should escape multiple special characters","status":"passed","title":"should escape multiple special characters","duration":0,"failureMessages":[]},{"ancestorTitles":["","format utilities","escapeHtml"],"fullName":" format utilities escapeHtml should handle strings without special characters","status":"passed","title":"should handle strings without special characters","duration":0,"failureMessages":[]},{"ancestorTitles":["","format utilities","escapeHtml"],"fullName":" format utilities escapeHtml should handle empty strings","status":"passed","title":"should handle empty strings","duration":0,"failureMessages":[]},{"ancestorTitles":["","format utilities","hashColor"],"fullName":" format utilities hashColor should return a valid HSL color","status":"passed","title":"should return a valid HSL color","duration":0,"failureMessages":[]},{"ancestorTitles":["","format utilities","hashColor"],"fullName":" format utilities hashColor should return the same color for the same input","status":"passed","title":"should return the same color for the same input","duration":0,"failureMessages":[]},{"ancestorTitles":["","format utilities","hashColor"],"fullName":" format utilities hashColor should return different colors for different inputs","status":"passed","title":"should return different colors for different inputs","duration":1,"failureMessages":[]},{"ancestorTitles":["","format utilities","hashColor"],"fullName":" format utilities hashColor should extract hue between 0-360","status":"passed","title":"should extract hue between 0-360","duration":0,"failureMessages":[]},{"ancestorTitles":["","format utilities","hashColor"],"fullName":" format utilities hashColor should handle empty strings","status":"passed","title":"should handle empty strings","duration":0,"failureMessages":[]},{"ancestorTitles":["","format utilities","hashColor"],"fullName":" format utilities hashColor should handle special characters","status":"passed","title":"should handle special characters","duration":0,"failureMessages":[]},{"ancestorTitles":["","format utilities","hashColor"],"fullName":" format utilities hashColor should handle unicode strings","status":"passed","title":"should handle unicode strings","duration":0,"failureMessages":[]}],"startTime":1774221326280,"endTime":1774221326304,"status":"passed","message":"","name":"/Users/noahheath/Workspace/video-downloader/.claude/worktrees/hardcore-goldstine/frontend/src/utils/format.test.ts"},{"assertionResults":[{"ancestorTitles":["","LibraryTab","Library grid rendering"],"fullName":" LibraryTab Library grid rendering should render library grid from API data","status":"passed","title":"should render library grid from API data","duration":43,"failureMessages":[]},{"ancestorTitles":["","LibraryTab","Library grid rendering"],"fullName":" LibraryTab Library grid rendering should show empty state when library is empty","status":"passed","title":"should show empty state when library is empty","duration":6,"failureMessages":[]},{"ancestorTitles":["","LibraryTab","Library grid rendering"],"fullName":" LibraryTab Library grid rendering should display item title, type, year, and size","status":"passed","title":"should display item title, type, year, and size","duration":29,"failureMessages":[]},{"ancestorTitles":["","LibraryTab","Filter buttons"],"fullName":" LibraryTab Filter buttons should render filter buttons for all/movies/tv/anime","status":"passed","title":"should render filter buttons for all/movies/tv/anime","duration":83,"failureMessages":[]},{"ancestorTitles":["","LibraryTab","Filter buttons"],"fullName":" LibraryTab Filter buttons should filter by movies","status":"passed","title":"should filter by movies","duration":82,"failureMessages":[]},{"ancestorTitles":["","LibraryTab","Filter buttons"],"fullName":" LibraryTab Filter buttons should filter by tv","status":"passed","title":"should filter by tv","duration":83,"failureMessages":[]},{"ancestorTitles":["","LibraryTab","Filter buttons"],"fullName":" LibraryTab Filter buttons should filter by anime","status":"passed","title":"should filter by anime","duration":63,"failureMessages":[]},{"ancestorTitles":["","LibraryTab","Filter buttons"],"fullName":" LibraryTab Filter buttons should reset to all when all button clicked","status":"passed","title":"should reset to all when all button clicked","duration":103,"failureMessages":[]},{"ancestorTitles":["","LibraryTab","Search input"],"fullName":" LibraryTab Search input should filter items by title","status":"passed","title":"should filter items by title","duration":45,"failureMessages":[]},{"ancestorTitles":["","LibraryTab","Search input"],"fullName":" LibraryTab Search input should be case insensitive","status":"passed","title":"should be case insensitive","duration":39,"failureMessages":[]},{"ancestorTitles":["","LibraryTab","Search input"],"fullName":" LibraryTab Search input should show no results message when search has no matches","status":"passed","title":"should show no results message when search has no matches","duration":26,"failureMessages":[]},{"ancestorTitles":["","LibraryTab","Refresh button"],"fullName":" LibraryTab Refresh button should call refreshLibrary then getLibrary","status":"passed","title":"should call refreshLibrary then getLibrary","duration":45,"failureMessages":[]},{"ancestorTitles":["","LibraryTab","Refresh button"],"fullName":" LibraryTab Refresh button should show success toast after refresh","status":"passed","title":"should show success toast after refresh","duration":40,"failureMessages":[]},{"ancestorTitles":["","LibraryTab","Refresh button"],"fullName":" LibraryTab Refresh button should show error toast on refresh failure","status":"passed","title":"should show error toast on refresh failure","duration":45,"failureMessages":[]},{"ancestorTitles":["","LibraryTab","Refresh button"],"fullName":" LibraryTab Refresh button should disable refresh button while loading","status":"passed","title":"should disable refresh button while loading","duration":53,"failureMessages":[]},{"ancestorTitles":["","LibraryTab","Error handling"],"fullName":" LibraryTab Error handling should show error toast when failing to load library","status":"passed","title":"should show error toast when failing to load library","duration":3,"failureMessages":[]},{"ancestorTitles":["","LibraryTab","MediaModal integration"],"fullName":" LibraryTab MediaModal integration should open MediaModal when a library item is clicked","status":"passed","title":"should open MediaModal when a library item is clicked","duration":75,"failureMessages":[]},{"ancestorTitles":["","LibraryTab","MediaModal integration"],"fullName":" LibraryTab MediaModal integration should close MediaModal when × button is clicked","status":"passed","title":"should close MediaModal when × button is clicked","duration":105,"failureMessages":[]}],"startTime":1774221326403,"endTime":1774221327371,"status":"passed","message":"","name":"/Users/noahheath/Workspace/video-downloader/.claude/worktrees/hardcore-goldstine/frontend/src/components/Library/LibraryTab.test.tsx"},{"assertionResults":[{"ancestorTitles":["","MediaModal","Movie type"],"fullName":" MediaModal Movie type should render movie title","status":"passed","title":"should render movie title","duration":31,"failureMessages":[]},{"ancestorTitles":["","MediaModal","Movie type"],"fullName":" MediaModal Movie type should render movie year badge","status":"passed","title":"should render movie year badge","duration":7,"failureMessages":[]},{"ancestorTitles":["","MediaModal","Movie type"],"fullName":" MediaModal Movie type should render storage badge","status":"passed","title":"should render storage badge","duration":5,"failureMessages":[]},{"ancestorTitles":["","MediaModal","Movie type"],"fullName":" MediaModal Movie type should render folder location","status":"passed","title":"should render folder location","duration":5,"failureMessages":[]},{"ancestorTitles":["","MediaModal","Movie type"],"fullName":" MediaModal Movie type should render file count","status":"passed","title":"should render file count","duration":5,"failureMessages":[]},{"ancestorTitles":["","MediaModal","Movie type"],"fullName":" MediaModal Movie type should not render Episodes section for movies","status":"passed","title":"should not render Episodes section for movies","duration":6,"failureMessages":[]},{"ancestorTitles":["","MediaModal","Movie type"],"fullName":" MediaModal Movie type should not fetch episodes for movie type","status":"passed","title":"should not fetch episodes for movie type","duration":4,"failureMessages":[]},{"ancestorTitles":["","MediaModal","Movie type"],"fullName":" MediaModal Movie type should render Play in MPC-BE button","status":"passed","title":"should render Play in MPC-BE button","duration":79,"failureMessages":[]},{"ancestorTitles":["","MediaModal","Movie type"],"fullName":" MediaModal Movie type should call openInMpc when Play button clicked","status":"passed","title":"should call openInMpc when Play button clicked","duration":45,"failureMessages":[]},{"ancestorTitles":["","MediaModal","Movie type"],"fullName":" MediaModal Movie type should call onPlay and onClose after successful movie play","status":"passed","title":"should call onPlay and onClose after successful movie play","duration":43,"failureMessages":[]},{"ancestorTitles":["","MediaModal","Movie type"],"fullName":" MediaModal Movie type should show error toast when openInMpc fails for movie","status":"passed","title":"should show error toast when openInMpc fails for movie","duration":52,"failureMessages":[]},{"ancestorTitles":["","MediaModal","Movie type"],"fullName":" MediaModal Movie type should render poster image when poster is set","status":"passed","title":"should render poster image when poster is set","duration":24,"failureMessages":[]},{"ancestorTitles":["","MediaModal","Movie type"],"fullName":" MediaModal Movie type should render initial letter placeholder when no poster","status":"passed","title":"should render initial letter placeholder when no poster","duration":4,"failureMessages":[]},{"ancestorTitles":["","MediaModal","Movie type"],"fullName":" MediaModal Movie type should render item without year","status":"passed","title":"should render item without year","duration":3,"failureMessages":[]},{"ancestorTitles":["","MediaModal","TV type"],"fullName":" MediaModal TV type should fetch episodes for TV type","status":"passed","title":"should fetch episodes for TV type","duration":6,"failureMessages":[]},{"ancestorTitles":["","MediaModal","TV type"],"fullName":" MediaModal TV type should fetch episodes with folderArchive when provided","status":"passed","title":"should fetch episodes with folderArchive when provided","duration":4,"failureMessages":[]},{"ancestorTitles":["","MediaModal","TV type"],"fullName":" MediaModal TV type should show Loading episodes while fetching","status":"passed","title":"should show Loading episodes while fetching","duration":4,"failureMessages":[]},{"ancestorTitles":["","MediaModal","TV type"],"fullName":" MediaModal TV type should show No episodes found when empty","status":"passed","title":"should show No episodes found when empty","duration":9,"failureMessages":[]},{"ancestorTitles":["","MediaModal","TV type"],"fullName":" MediaModal TV type should render season groups","status":"passed","title":"should render season groups","duration":16,"failureMessages":[]},{"ancestorTitles":["","MediaModal","TV type"],"fullName":" MediaModal TV type should expand first season by default","status":"passed","title":"should expand first season by default","duration":14,"failureMessages":[]},{"ancestorTitles":["","MediaModal","TV type"],"fullName":" MediaModal TV type should collapse season when header clicked again","status":"passed","title":"should collapse season when header clicked again","duration":105,"failureMessages":[]},{"ancestorTitles":["","MediaModal","TV type"],"fullName":" MediaModal TV type should expand a different season when clicked","status":"passed","title":"should expand a different season when clicked","duration":88,"failureMessages":[]},{"ancestorTitles":["","MediaModal","TV type"],"fullName":" MediaModal TV type should show episode progress bar when progress_pct > 0","status":"passed","title":"should show episode progress bar when progress_pct > 0","duration":9,"failureMessages":[]},{"ancestorTitles":["","MediaModal","TV type"],"fullName":" MediaModal TV type should play episode with playlist when clicked","status":"failed","title":"should play episode with playlist when clicked","duration":1081,"failureMessages":["expected \"spy\" to be called with arguments: [ '/tv/bb/S01E01.mkv', …(1) ]\n\nReceived: \n\n  1st spy call:\n\n  Array [\n    \"/tv/bb/S01E01.mkv\",\n+   undefined,\n    Array [\n      \"/tv/bb/S01E01.mkv\",\n      \"/tv/bb/S01E02.mkv\",\n    ],\n  ]\n\n\nNumber of calls: 1\n\n\nIgnored nodes: comments, script, style\n\u001b[36m<html>\u001b[39m\n  \u001b[36m<head />\u001b[39m\n  \u001b[36m<body>\u001b[39m\n    \u001b[36m<div>\u001b[39m\n      \u001b[36m<div\u001b[39m\n        \u001b[33mclass\u001b[39m=\u001b[32m\"fixed inset-0 bg-black/50 flex items-center justify-center z-50 p-4\"\u001b[39m\n      \u001b[36m>\u001b[39m\n        \u001b[36m<div\u001b[39m\n          \u001b[33mclass\u001b[39m=\u001b[32m\"bg-dark-surface rounded-lg max-w-2xl w-full max-h-[90vh] overflow-auto\"\u001b[39m\n        \u001b[36m>\u001b[39m\n          \u001b[36m<div\u001b[39m\n            \u001b[33mclass\u001b[39m=\u001b[32m\"p-6\"\u001b[39m\n          \u001b[36m>\u001b[39m\n            \u001b[36m<div\u001b[39m\n              \u001b[33mclass\u001b[39m=\u001b[32m\"flex items-start justify-between mb-6\"\u001b[39m\n            \u001b[36m>\u001b[39m\n              \u001b[36m<div\u001b[39m\n                \u001b[33mclass\u001b[39m=\u001b[32m\"flex-1 pr-4\"\u001b[39m\n              \u001b[36m>\u001b[39m\n                \u001b[36m<h2\u001b[39m\n                  \u001b[33mclass\u001b[39m=\u001b[32m\"text-2xl font-bold text-dark-text mb-2\"\u001b[39m\n                \u001b[36m>\u001b[39m\n                  \u001b[0mBreaking Bad\u001b[0m\n                \u001b[36m</h2>\u001b[39m\n                \u001b[36m<div\u001b[39m\n                  \u001b[33mclass\u001b[39m=\u001b[32m\"flex gap-2\"\u001b[39m\n                \u001b[36m>\u001b[39m\n                  \u001b[36m<span\u001b[39m\n                    \u001b[33mclass\u001b[39m=\u001b[32m\"badge badge-accent capitalize\"\u001b[39m\n                  \u001b[36m>\u001b[39m\n                    \u001b[0mtv\u001b[0m\n                  \u001b[36m</span>\u001b[39m\n                  \u001b[36m<span\u001b[39m\n                    \u001b[33mclass\u001b[39m=\u001b[32m\"badge badge-accent\"\u001b[39m\n                  \u001b[36m>\u001b[39m\n                    \u001b[0m2008\u001b[0m\n                  \u001b[36m</span>\u001b[39m\n                  \u001b[36m<span\u001b[39m\n                    \u001b[33mclass\u001b[39m=\u001b[32m\"badge badge-info capitalize\"\u001b[39m\n                  \u001b[36m>\u001b[39m\n                    \u001b[0mlocal\u001b[0m\n                  \u001b[36m</span>\u001b[39m\n                \u001b[36m</div>\u001b[39m\n              \u001b[36m</div>\u001b[39m\n              \u001b[36m<button\u001b[39m\n                \u001b[33mclass\u001b[39m=\u001b[32m\"text-dark-text/60 hover:text-dark-text text-xl\"\u001b[39m\n              \u001b[36m>\u001b[39m\n                \u001b[0m×\u001b[0m\n              \u001b[36m</button>\u001b[39m\n            \u001b[36m</div>\u001b[39m\n            \u001b[36m<div\u001b[39m\n              \u001b[33mclass\u001b[39m=\u001b[32m\"flex gap-6 mb-6\"\u001b[39m\n            \u001b[36m>\u001b[39m\n              \u001b[36m<div\u001b[39m\n                \u001b[33mclass\u001b[39m=\u001b[32m\"w-32 h-48 rounded overflow-hidden flex-shrink-0 bg-dark-bg\"\u001b[39m\n              \u001b[36m>\u001b[39m\n                \u001b[36m<div\u001b[39m\n                  \u001b[33mclass\u001b[39m=\u001b[32m\"w-full h-full flex items-center justify-center text-dark-bg font-bold text-3xl\"\u001b[39m\n                  \u001b[33mstyle\u001b[39m=\u001b[32m\"background-color: rgb(34, 34, 195);\"\u001b[39m\n                \u001b[36m>\u001b[39m\n                  \u001b[0mB\u001b[0m\n                \u001b[36m</div>\u001b[39m\n              \u001b[36m</div>\u001b[39m\n              \u001b[36m<div\u001b[39m\n                \u001b[33mclass\u001b[39m=\u001b[32m\"flex-1\"\u001b[39m\n              \u001b[36m>\u001b[39m\n                \u001b[36m<p\u001b[39m\n                  \u001b[33mclass\u001b[39m=\u001b[32m\"text-dark-text/80 mb-2 text-sm\"\u001b[39m\n                \u001b[36m>\u001b[39m\n                  \u001b[36m<span\u001b[39m\n                    \u001b[33mclass\u001b[39m=\u001b[32m\"font-semibold\"\u001b[39m\n                  \u001b[36m>\u001b[39m\n                    \u001b[0mLocation:\u001b[0m\n                  \u001b[36m</span>\u001b[39m\n                  \u001b[0m \u001b[0m\n                  \u001b[0mBreaking Bad (2008)\u001b[0m\n                \u001b[36m</p>\u001b[39m\n                \u001b[36m<p\u001b[39m\n                  \u001b[33mclass\u001b[39m=\u001b[32m\"text-dark-text/80 mb-2 text-sm\"\u001b[39m\n                \u001b[36m>\u001b[39m\n                  \u001b[36m<span\u001b[39m\n                    \u001b[33mclass\u001b[39m=\u001b[32m\"font-semibold\"\u001b[39m\n                  \u001b[36m>\u001b[39m\n                    \u001b[0mSize:\u001b[0m\n                  \u001b[36m</span>\u001b[39m\n                  \u001b[0m \u001b[0m\n                  \u001b[0m5 GB\u001b[0m\n                \u001b[36m</p>\u001b[39m\n                \u001b[36m<p\u001b[39m\n                  \u001b[33mclass\u001b[39m=\u001b[32m\"text-dark-text/80 mb-2 text-sm\"\u001b[39m\n                \u001b[36m>\u001b[39m\n                  \u001b[36m<span\u001b[39m\n                    \u001b[33mclass\u001b[39m=\u001b[32m\"font-semibold\"\u001b[39m\n                  \u001b[36m>\u001b[39m\n                    \u001b[0mFiles:\u001b[0m\n                  \u001b[36m</span>\u001b[39m\n                  \u001b[0m \u001b[0m\n                  \u001b[0m10\u001b[0m\n                \u001b[36m</p>\u001b[39m\n              \u001b[36m</div>\u001b[39m\n            \u001b[36m</div>\u001b[39m\n            \u001b[36m<div>\u001b[39m\n              \u001b[36m<h3\u001b[39m\n                \u001b[33mclass\u001b[39m=\u001b[32m\"text-lg font-semibold mb-4\"\u001b[39m\n              \u001b[36m>\u001b[39m\n                \u001b[0mEpisodes\u001b[0m\n              \u001b[36m</h3>\u001b[39m\n              \u001b[36m<div\u001b[39m\n                \u001b[33mclass\u001b[39m=\u001b[32m\"space-y-2\"\u001b[39m\n              \u001b[36m>\u001b[39m\n                \u001b[36m<div>\u001b[39m\n                  \u001b[36m<button\u001b[39m\n                    \u001b[33mclass\u001b[39m=\u001b[32m\"w-full flex items-center justify-between p-3 bg-dark-bg rounded hover:bg-dark-bg/80 transition-colors\"\u001b[39m\n                  \u001b[36m>\u001b[39m\n                    \u001b[36m<span\u001b[39m\n                      \u001b[33mclass\u001b[39m=\u001b[32m\"font-semibold\"\u001b[39m\n                    \u001b[36m>\u001b[39m\n                      \u001b[0mSeason \u001b[0m\n                      \u001b[0m1\u001b[0m\n                      \u001b[0m (\u001b[0m\n                      \u001b[0m2\u001b[0m\n                      \u001b[0m episodes)\u001b[0m\n                    \u001b[36m</span>\u001b[39m\n                    \u001b[36m<span\u001b[39m\n                      \u001b[33mclass\u001b[39m=\u001b[32m\"text-dark-text/60\"\u001b[39m\n                    \u001b[36m>\u001b[39m\n                      \u001b[0m▼\u001b[0m\n                    \u001b[36m</span>\u001b[39m\n                  \u001b[36m</button>\u001b[39m\n                  \u001b[36m<div\u001b[39m\n                    \u001b[33mclass\u001b[39m=\u001b[32m\"mt-1 space-y-1 pl-4\"\u001b[39m\n                  \u001b[36m>\u001b[39m\n                    \u001b[36m<button\u001b[39m\n                      \u001b[33mclass\u001b[39m=\u001b[32m\"w-full text-left p-2 bg-dark-bg/50 rounded hover:bg-dark-accent/20 transition-colors text-sm\"\u001b[39m\n                    \u001b[36m>\u001b[39m\n                      \u001b[36m<div\u001b[39m\n                        \u001b[33mclass\u001b[39m=\u001b[32m\"flex items-center justify-between\"\u001b[39m\n                      \u001b[36m>\u001b[39m\n                        \u001b[36m<span\u001b[39m\n                          \u001b[33mclass\u001b[39m=\u001b[32m\"font-semibold\"\u001b[39m\n                        \u001b[36m>\u001b[39m\n                          \u001b[0mE\u001b[0m\n                          \u001b[0m01\u001b[0m\n                          \u001b[0m: \u001b[0m\n                          \u001b[0mPilot\u001b[0m\n                        \u001b[36m</span>\u001b[39m\n                        \u001b[36m<span\u001b[39m\n                          \u001b[33mclass\u001b[39m=\u001b[32m\"text-xs text-dark-text/60 ml-2\"\u001b[39m\n                        \u001b[36m>\u001b[39m\n                          \u001b[0m512 MB\u001b[0m\n                        \u001b[36m</span>\u001b[39m\n                      \u001b[36m</div>\u001b[39m\n                      \u001b[36m<div\u001b[39m\n                        \u001b[33mclass\u001b[39m=\u001b[32m\"mt-1\"\u001b[39m\n                      \u001b[36m>\u001b[39m\n                        \u001b[36m<div\u001b[39m\n                          \u001b[33mclass\u001b[39m=\u001b[32m\"progress-bar\"\u001b[39m\n                        \u001b[36m>\u001b[39m\n                          \u001b[36m<div\u001b[39m\n                            \u001b[33mclass\u001b[39m=\u001b[32m\"progress-fill\"\u001b[39m\n                            \u001b[33mstyle\u001b[39m=\u001b[32m\"width: 50%;\"\u001b[39m\n                          \u001b[36m/>\u001b[39m\n                        \u001b[36m</div>\u001b[39m\n                        \u001b[36m<span\u001b[39m\n                          \u001b[33mclass\u001b[39m=\u001b[32m\"text-xs text-dark-text/50\"\u001b[39m\n                        \u001b[36m>\u001b[39m\n                          \u001b[0m50\u001b[0m\n                          \u001b[0m% watched\u001b[0m\n                        \u001b[36m</span>\u001b[39m\n                      \u001b[36m</div>\u001b[39m\n                    \u001b[36m</button>\u001b[39m\n                    \u001b[36m<button\u001b[39m\n                      \u001b[33mclass\u001b[39m=\u001b[32m\"w-full text-left p-2 bg-dark-bg/50 rounded hover:bg-dark-accent/20 transition-colors text-sm\"\u001b[39m\n                    \u001b[36m>\u001b[39m\n                      \u001b[36m<div\u001b[39m\n                        \u001b[33mclass\u001b[39m=\u001b[32m\"flex items-center justify-between\"\u001b[39m\n                      \u001b[36m>\u001b[39m\n                        \u001b[36m<span\u001b[39m\n                          \u001b[33mclass\u001b[39m=\u001b[32m\"font-semibold\"\u001b[39m\n                        \u001b[36m>\u001b[39m\n                          \u001b[0mE\u001b[0m\n                          \u001b[0m02\u001b[0m\n                          \u001b[0m: \u001b[0m\n                          \u001b[0mCat's in the Bag\u001b[0m\n                        \u001b[36m</span>\u001b[39m\n                        \u001b[36m<span\u001b[39m\n                          \u001b[33mclass\u001b[39m=\u001b[32m\"text-xs text-dark-text/60 ml-2\"\u001b[39m\n                        \u001b[36m>\u001b[39m\n                          \u001b[0m512 MB\u001b[0m\n                        \u001b[36m</span>\u001b[39m\n                      \u001b[36m</div>\u001b[39m\n                    \u001b[36m</button>\u001b[39m\n                  \u001b[36m</div>\u001b[39m\n                \u001b[36m</div>\u001b[39m\n                \u001b[36m<div>\u001b[39m\n                  \u001b[36m<button\u001b[39m\n                    \u001b[33mclass\u001b[39m=\u001b[32m\"w-full flex items-center justify-between p-3 bg-dark-bg rounded hover:bg-dark-bg/80 transition-colors\"\u001b[39m\n                  \u001b[36m>\u001b[39m\n                    \u001b[36m<span\u001b[39m\n                      \u001b[33mclass\u001b[39m=\u001b[32m\"font-semibold\"\u001b[39m\n                    \u001b[36m>\u001b[39m\n                      \u001b[0mSeason \u001b[0m\n                      \u001b[0m2\u001b[0m\n                      \u001b[0m (\u001b[0m\n                      \u001b[0m1\u001b[0m\n                      \u001b[0m episodes)\u001b[0m\n                    \u001b[36m</span>\u001b[39m\n                    \u001b[36m<span\u001b[39m\n                      \u001b[33mclass\u001b[39m=\u001b[32m\"text-dark-text/60\"\u001b[39m\n                    \u001b[36m>\u001b[39m\n                      \u001b[0m▶\u001b[0m\n                    \u001b[36m</span>\u001b[39m\n                  \u001b[36m</button>\u001b[39m\n                \u001b[36m</div>\u001b[39m\n              \u001b[36m</div>\u001b[39m\n            \u001b[36m</div>\u001b[39m\n          \u001b[36m</div>\u001b[39m\n        \u001b[36m</div>\u001b[39m\n      \u001b[36m</div>\u001b[39m\n    \u001b[36m</div>\u001b[39m\n  \u001b[36m</body>\u001b[39m\n\u001b[36m</html>\u001b[39m"],"location":{"line":476,"column":51}},{"ancestorTitles":["","MediaModal","TV type"],"fullName":" MediaModal TV type should call onPlay, onClose, showToast after successful episode play","status":"passed","title":"should call onPlay, onClose, showToast after successful episode play","duration":81,"failureMessages":[]},{"ancestorTitles":["","MediaModal","TV type"],"fullName":" MediaModal TV type should show error toast when episode play fails","status":"passed","title":"should show error toast when episode play fails","duration":71,"failureMessages":[]},{"ancestorTitles":["","MediaModal","TV type"],"fullName":" MediaModal TV type should use single-episode playlist fallback when season group is not found","status":"failed","title":"should use single-episode playlist fallback when season group is not found","duration":1048,"failureMessages":["expected \"spy\" to be called with arguments: [ '/tv/bb/S99E01.mkv', …(1) ]\n\nReceived: \n\n  1st spy call:\n\n  Array [\n    \"/tv/bb/S99E01.mkv\",\n+   undefined,\n    Array [\n      \"/tv/bb/S99E01.mkv\",\n    ],\n  ]\n\n\nNumber of calls: 1\n\n\nIgnored nodes: comments, script, style\n\u001b[36m<html>\u001b[39m\n  \u001b[36m<head />\u001b[39m\n  \u001b[36m<body>\u001b[39m\n    \u001b[36m<div>\u001b[39m\n      \u001b[36m<div\u001b[39m\n        \u001b[33mclass\u001b[39m=\u001b[32m\"fixed inset-0 bg-black/50 flex items-center justify-center z-50 p-4\"\u001b[39m\n      \u001b[36m>\u001b[39m\n        \u001b[36m<div\u001b[39m\n          \u001b[33mclass\u001b[39m=\u001b[32m\"bg-dark-surface rounded-lg max-w-2xl w-full max-h-[90vh] overflow-auto\"\u001b[39m\n        \u001b[36m>\u001b[39m\n          \u001b[36m<div\u001b[39m\n            \u001b[33mclass\u001b[39m=\u001b[32m\"p-6\"\u001b[39m\n          \u001b[36m>\u001b[39m\n            \u001b[36m<div\u001b[39m\n              \u001b[33mclass\u001b[39m=\u001b[32m\"flex items-start justify-between mb-6\"\u001b[39m\n            \u001b[36m>\u001b[39m\n              \u001b[36m<div\u001b[39m\n                \u001b[33mclass\u001b[39m=\u001b[32m\"flex-1 pr-4\"\u001b[39m\n              \u001b[36m>\u001b[39m\n                \u001b[36m<h2\u001b[39m\n                  \u001b[33mclass\u001b[39m=\u001b[32m\"text-2xl font-bold text-dark-text mb-2\"\u001b[39m\n                \u001b[36m>\u001b[39m\n                  \u001b[0mBreaking Bad\u001b[0m\n                \u001b[36m</h2>\u001b[39m\n                \u001b[36m<div\u001b[39m\n                  \u001b[33mclass\u001b[39m=\u001b[32m\"flex gap-2\"\u001b[39m\n                \u001b[36m>\u001b[39m\n                  \u001b[36m<span\u001b[39m\n                    \u001b[33mclass\u001b[39m=\u001b[32m\"badge badge-accent capitalize\"\u001b[39m\n                  \u001b[36m>\u001b[39m\n                    \u001b[0mtv\u001b[0m\n                  \u001b[36m</span>\u001b[39m\n                  \u001b[36m<span\u001b[39m\n                    \u001b[33mclass\u001b[39m=\u001b[32m\"badge badge-accent\"\u001b[39m\n                  \u001b[36m>\u001b[39m\n                    \u001b[0m2008\u001b[0m\n                  \u001b[36m</span>\u001b[39m\n                  \u001b[36m<span\u001b[39m\n                    \u001b[33mclass\u001b[39m=\u001b[32m\"badge badge-info capitalize\"\u001b[39m\n                  \u001b[36m>\u001b[39m\n                    \u001b[0mlocal\u001b[0m\n                  \u001b[36m</span>\u001b[39m\n                \u001b[36m</div>\u001b[39m\n              \u001b[36m</div>\u001b[39m\n              \u001b[36m<button\u001b[39m\n                \u001b[33mclass\u001b[39m=\u001b[32m\"text-dark-text/60 hover:text-dark-text text-xl\"\u001b[39m\n              \u001b[36m>\u001b[39m\n                \u001b[0m×\u001b[0m\n              \u001b[36m</button>\u001b[39m\n            \u001b[36m</div>\u001b[39m\n            \u001b[36m<div\u001b[39m\n              \u001b[33mclass\u001b[39m=\u001b[32m\"flex gap-6 mb-6\"\u001b[39m\n            \u001b[36m>\u001b[39m\n              \u001b[36m<div\u001b[39m\n                \u001b[33mclass\u001b[39m=\u001b[32m\"w-32 h-48 rounded overflow-hidden flex-shrink-0 bg-dark-bg\"\u001b[39m\n              \u001b[36m>\u001b[39m\n                \u001b[36m<div\u001b[39m\n                  \u001b[33mclass\u001b[39m=\u001b[32m\"w-full h-full flex items-center justify-center text-dark-bg font-bold text-3xl\"\u001b[39m\n                  \u001b[33mstyle\u001b[39m=\u001b[32m\"background-color: rgb(34, 34, 195);\"\u001b[39m\n                \u001b[36m>\u001b[39m\n                  \u001b[0mB\u001b[0m\n                \u001b[36m</div>\u001b[39m\n              \u001b[36m</div>\u001b[39m\n              \u001b[36m<div\u001b[39m\n                \u001b[33mclass\u001b[39m=\u001b[32m\"flex-1\"\u001b[39m\n              \u001b[36m>\u001b[39m\n                \u001b[36m<p\u001b[39m\n                  \u001b[33mclass\u001b[39m=\u001b[32m\"text-dark-text/80 mb-2 text-sm\"\u001b[39m\n                \u001b[36m>\u001b[39m\n                  \u001b[36m<span\u001b[39m\n                    \u001b[33mclass\u001b[39m=\u001b[32m\"font-semibold\"\u001b[39m\n                  \u001b[36m>\u001b[39m\n                    \u001b[0mLocation:\u001b[0m\n                  \u001b[36m</span>\u001b[39m\n                  \u001b[0m \u001b[0m\n                  \u001b[0mBreaking Bad (2008)\u001b[0m\n                \u001b[36m</p>\u001b[39m\n                \u001b[36m<p\u001b[39m\n                  \u001b[33mclass\u001b[39m=\u001b[32m\"text-dark-text/80 mb-2 text-sm\"\u001b[39m\n                \u001b[36m>\u001b[39m\n                  \u001b[36m<span\u001b[39m\n                    \u001b[33mclass\u001b[39m=\u001b[32m\"font-semibold\"\u001b[39m\n                  \u001b[36m>\u001b[39m\n                    \u001b[0mSize:\u001b[0m\n                  \u001b[36m</span>\u001b[39m\n                  \u001b[0m \u001b[0m\n                  \u001b[0m5 GB\u001b[0m\n                \u001b[36m</p>\u001b[39m\n                \u001b[36m<p\u001b[39m\n                  \u001b[33mclass\u001b[39m=\u001b[32m\"text-dark-text/80 mb-2 text-sm\"\u001b[39m\n                \u001b[36m>\u001b[39m\n                  \u001b[36m<span\u001b[39m\n                    \u001b[33mclass\u001b[39m=\u001b[32m\"font-semibold\"\u001b[39m\n                  \u001b[36m>\u001b[39m\n                    \u001b[0mFiles:\u001b[0m\n                  \u001b[36m</span>\u001b[39m\n                  \u001b[0m \u001b[0m\n                  \u001b[0m10\u001b[0m\n                \u001b[36m</p>\u001b[39m\n              \u001b[36m</div>\u001b[39m\n            \u001b[36m</div>\u001b[39m\n            \u001b[36m<div>\u001b[39m\n              \u001b[36m<h3\u001b[39m\n                \u001b[33mclass\u001b[39m=\u001b[32m\"text-lg font-semibold mb-4\"\u001b[39m\n              \u001b[36m>\u001b[39m\n                \u001b[0mEpisodes\u001b[0m\n              \u001b[36m</h3>\u001b[39m\n              \u001b[36m<div\u001b[39m\n                \u001b[33mclass\u001b[39m=\u001b[32m\"space-y-2\"\u001b[39m\n              \u001b[36m>\u001b[39m\n                \u001b[36m<div>\u001b[39m\n                  \u001b[36m<button\u001b[39m\n                    \u001b[33mclass\u001b[39m=\u001b[32m\"w-full flex items-center justify-between p-3 bg-dark-bg rounded hover:bg-dark-bg/80 transition-colors\"\u001b[39m\n                  \u001b[36m>\u001b[39m\n                    \u001b[36m<span\u001b[39m\n                      \u001b[33mclass\u001b[39m=\u001b[32m\"font-semibold\"\u001b[39m\n                    \u001b[36m>\u001b[39m\n                      \u001b[0mSeason \u001b[0m\n                      \u001b[0m99\u001b[0m\n                      \u001b[0m (\u001b[0m\n                      \u001b[0m1\u001b[0m\n                      \u001b[0m episodes)\u001b[0m\n                    \u001b[36m</span>\u001b[39m\n                    \u001b[36m<span\u001b[39m\n                      \u001b[33mclass\u001b[39m=\u001b[32m\"text-dark-text/60\"\u001b[39m\n                    \u001b[36m>\u001b[39m\n                      \u001b[0m▼\u001b[0m\n                    \u001b[36m</span>\u001b[39m\n                  \u001b[36m</button>\u001b[39m\n                  \u001b[36m<div\u001b[39m\n                    \u001b[33mclass\u001b[39m=\u001b[32m\"mt-1 space-y-1 pl-4\"\u001b[39m\n                  \u001b[36m>\u001b[39m\n                    \u001b[36m<button\u001b[39m\n                      \u001b[33mclass\u001b[39m=\u001b[32m\"w-full text-left p-2 bg-dark-bg/50 rounded hover:bg-dark-accent/20 transition-colors text-sm\"\u001b[39m\n                    \u001b[36m>\u001b[39m\n                      \u001b[36m<div\u001b[39m\n                        \u001b[33mclass\u001b[39m=\u001b[32m\"flex items-center justify-between\"\u001b[39m\n                      \u001b[36m>\u001b[39m\n                        \u001b[36m<span\u001b[39m\n                          \u001b[33mclass\u001b[39m=\u001b[32m\"font-semibold\"\u001b[39m\n                        \u001b[36m>\u001b[39m\n                          \u001b[0mE\u001b[0m\n                          \u001b[0m01\u001b[0m\n                          \u001b[0m: \u001b[0m\n                          \u001b[0mOrphan Episode\u001b[0m\n                        \u001b[36m</span>\u001b[39m\n                        \u001b[36m<span\u001b[39m\n                          \u001b[33mclass\u001b[39m=\u001b[32m\"text-xs text-dark-text/60 ml-2\"\u001b[39m\n                        \u001b[36m>\u001b[39m\n                          \u001b[0m512 MB\u001b[0m\n                        \u001b[36m</span>\u001b[39m\n                      \u001b[36m</div>\u001b[39m\n                    \u001b[36m</button>\u001b[39m\n                  \u001b[36m</div>\u001b[39m\n                \u001b[36m</div>\u001b[39m\n              \u001b[36m</div>\u001b[39m\n            \u001b[36m</div>\u001b[39m\n          \u001b[36m</div>\u001b[39m\n        \u001b[36m</div>\u001b[39m\n      \u001b[36m</div>\u001b[39m\n    \u001b[36m</div>\u001b[39m\n  \u001b[36m</body>\u001b[39m\n\u001b[36m</html>\u001b[39m"],"location":{"line":561,"column":51}},{"ancestorTitles":["","MediaModal","TV type"],"fullName":" MediaModal TV type should show error toast when getEpisodes fails","status":"passed","title":"should show error toast when getEpisodes fails","duration":3,"failureMessages":[]},{"ancestorTitles":["","MediaModal","Modal interactions"],"fullName":" MediaModal Modal interactions should call onClose when backdrop clicked","status":"passed","title":"should call onClose when backdrop clicked","duration":18,"failureMessages":[]},{"ancestorTitles":["","MediaModal","Modal interactions"],"fullName":" MediaModal Modal interactions should call onClose when × button clicked","status":"passed","title":"should call onClose when × button clicked","duration":32,"failureMessages":[]},{"ancestorTitles":["","MediaModal","Modal interactions"],"fullName":" MediaModal Modal interactions should not close when inner content is clicked","status":"passed","title":"should not close when inner content is clicked","duration":2,"failureMessages":[]}],"startTime":1774221326409,"endTime":1774221329315,"status":"failed","message":"","name":"/Users/noahheath/Workspace/video-downloader/.claude/worktrees/hardcore-goldstine/frontend/src/components/Library/MediaModal.test.tsx"},{"assertionResults":[{"ancestorTitles":["","NowPlayingTab","Error states"],"fullName":" NowPlayingTab Error states should show error when getMpcStatus rejects","status":"failed","title":"should show error when getMpcStatus rejects","duration":22,"failureMessages":["EventSource is not defined"],"location":{"line":40,"column":16}},{"ancestorTitles":["","NowPlayingTab","Error states"],"fullName":" NowPlayingTab Error states should show error when status is not reachable","status":"failed","title":"should show error when status is not reachable","duration":3,"failureMessages":["EventSource is not defined"],"location":{"line":40,"column":16}},{"ancestorTitles":["","NowPlayingTab","Error states"],"fullName":" NowPlayingTab Error states should show help text in error state","status":"failed","title":"should show help text in error state","duration":3,"failureMessages":["EventSource is not defined"],"location":{"line":40,"column":16}},{"ancestorTitles":["","NowPlayingTab","Loading state"],"fullName":" NowPlayingTab Loading state should show loading initially","status":"failed","title":"should show loading initially","duration":2,"failureMessages":["EventSource is not defined"],"location":{"line":40,"column":16}},{"ancestorTitles":["","NowPlayingTab","Player rendering"],"fullName":" NowPlayingTab Player rendering should render filename when status is loaded","status":"failed","title":"should render filename when status is loaded","duration":4,"failureMessages":["EventSource is not defined"],"location":{"line":40,"column":16}},{"ancestorTitles":["","NowPlayingTab","Player rendering"],"fullName":" NowPlayingTab Player rendering should render No file loaded when filename is null","status":"failed","title":"should render No file loaded when filename is null","duration":3,"failureMessages":["EventSource is not defined"],"location":{"line":40,"column":16}},{"ancestorTitles":["","NowPlayingTab","Player rendering"],"fullName":" NowPlayingTab Player rendering should render file path when file differs from filename","status":"failed","title":"should render file path when file differs from filename","duration":2,"failureMessages":["EventSource is not defined"],"location":{"line":40,"column":16}},{"ancestorTitles":["","NowPlayingTab","Player rendering"],"fullName":" NowPlayingTab Player rendering should show position and duration strings","status":"failed","title":"should show position and duration strings","duration":2,"failureMessages":["EventSource is not defined"],"location":{"line":40,"column":16}},{"ancestorTitles":["","NowPlayingTab","Player rendering"],"fullName":" NowPlayingTab Player rendering should show Pause button when playing","status":"failed","title":"should show Pause button when playing","duration":1,"failureMessages":["EventSource is not defined"],"location":{"line":40,"column":16}},{"ancestorTitles":["","NowPlayingTab","Player rendering"],"fullName":" NowPlayingTab Player rendering should show Play button when paused","status":"failed","title":"should show Play button when paused","duration":2,"failureMessages":["EventSource is not defined"],"location":{"line":40,"column":16}},{"ancestorTitles":["","NowPlayingTab","Player rendering"],"fullName":" NowPlayingTab Player rendering should show volume level","status":"failed","title":"should show volume level","duration":1,"failureMessages":["EventSource is not defined"],"location":{"line":40,"column":16}},{"ancestorTitles":["","NowPlayingTab","Player rendering"],"fullName":" NowPlayingTab Player rendering should show Mute button when not muted","status":"failed","title":"should show Mute button when not muted","duration":1,"failureMessages":["EventSource is not defined"],"location":{"line":40,"column":16}},{"ancestorTitles":["","NowPlayingTab","Player rendering"],"fullName":" NowPlayingTab Player rendering should show Unmute button when muted","status":"failed","title":"should show Unmute button when muted","duration":1,"failureMessages":["EventSource is not defined"],"location":{"line":40,"column":16}},{"ancestorTitles":["","NowPlayingTab","Player rendering"],"fullName":" NowPlayingTab Player rendering should show playback state","status":"failed","title":"should show playback state","duration":1,"failureMessages":["EventSource is not defined"],"location":{"line":40,"column":16}},{"ancestorTitles":["","NowPlayingTab","Playback controls"],"fullName":" NowPlayingTab Playback controls should send PAUSE command when Pause button clicked while playing","status":"failed","title":"should send PAUSE command when Pause button clicked while playing","duration":2,"failureMessages":["EventSource is not defined"],"location":{"line":40,"column":16}},{"ancestorTitles":["","NowPlayingTab","Playback controls"],"fullName":" NowPlayingTab Playback controls should send PLAY command when Play button clicked while paused","status":"failed","title":"should send PLAY command when Play button clicked while paused","duration":2,"failureMessages":["EventSource is not defined"],"location":{"line":40,"column":16}},{"ancestorTitles":["","NowPlayingTab","Playback controls"],"fullName":" NowPlayingTab Playback controls should show toast on play/pause error","status":"failed","title":"should show toast on play/pause error","duration":1,"failureMessages":["EventSource is not defined"],"location":{"line":40,"column":16}},{"ancestorTitles":["","NowPlayingTab","Playback controls"],"fullName":" NowPlayingTab Playback controls should send STOP command when Stop button clicked","status":"failed","title":"should send STOP command when Stop button clicked","duration":2,"failureMessages":["EventSource is not defined"],"location":{"line":40,"column":16}},{"ancestorTitles":["","NowPlayingTab","Playback controls"],"fullName":" NowPlayingTab Playback controls should show toast on stop error","status":"failed","title":"should show toast on stop error","duration":3,"failureMessages":["EventSource is not defined"],"location":{"line":40,"column":16}},{"ancestorTitles":["","NowPlayingTab","Playback controls"],"fullName":" NowPlayingTab Playback controls should skip forward 30 seconds","status":"failed","title":"should skip forward 30 seconds","duration":1,"failureMessages":["EventSource is not defined"],"location":{"line":40,"column":16}},{"ancestorTitles":["","NowPlayingTab","Playback controls"],"fullName":" NowPlayingTab Playback controls should cap skip forward at duration","status":"failed","title":"should cap skip forward at duration","duration":2,"failureMessages":["EventSource is not defined"],"location":{"line":40,"column":16}},{"ancestorTitles":["","NowPlayingTab","Playback controls"],"fullName":" NowPlayingTab Playback controls should skip back 30 seconds","status":"failed","title":"should skip back 30 seconds","duration":1,"failureMessages":["EventSource is not defined"],"location":{"line":40,"column":16}},{"ancestorTitles":["","NowPlayingTab","Playback controls"],"fullName":" NowPlayingTab Playback controls should skip back but not go below 0","status":"failed","title":"should skip back but not go below 0","duration":1,"failureMessages":["EventSource is not defined"],"location":{"line":40,"column":16}},{"ancestorTitles":["","NowPlayingTab","Playback controls"],"fullName":" NowPlayingTab Playback controls should not skip when status is null","status":"failed","title":"should not skip when status is null","duration":2,"failureMessages":["EventSource is not defined"],"location":{"line":40,"column":16}},{"ancestorTitles":["","NowPlayingTab","Playback controls"],"fullName":" NowPlayingTab Playback controls should show toast on seek error","status":"failed","title":"should show toast on seek error","duration":2,"failureMessages":["EventSource is not defined"],"location":{"line":40,"column":16}},{"ancestorTitles":["","NowPlayingTab","Volume control"],"fullName":" NowPlayingTab Volume control should send VOLUME_UP command when slider changes","status":"failed","title":"should send VOLUME_UP command when slider changes","duration":2,"failureMessages":["EventSource is not defined"],"location":{"line":40,"column":16}},{"ancestorTitles":["","NowPlayingTab","Volume control"],"fullName":" NowPlayingTab Volume control should send TOGGLE_MUTE when Mute button clicked","status":"failed","title":"should send TOGGLE_MUTE when Mute button clicked","duration":2,"failureMessages":["EventSource is not defined"],"location":{"line":40,"column":16}},{"ancestorTitles":["","NowPlayingTab","Progress calculation"],"fullName":" NowPlayingTab Progress calculation should set progress to 0 when duration_ms is 0","status":"failed","title":"should set progress to 0 when duration_ms is 0","duration":1,"failureMessages":["EventSource is not defined"],"location":{"line":40,"column":16}},{"ancestorTitles":["","NowPlayingTab","Progress calculation"],"fullName":" NowPlayingTab Progress calculation should calculate progress as percentage of position/duration","status":"failed","title":"should calculate progress as percentage of position/duration","duration":1,"failureMessages":["EventSource is not defined"],"location":{"line":40,"column":16}},{"ancestorTitles":["","NowPlayingTab","Progress bar interaction"],"fullName":" NowPlayingTab Progress bar interaction should seek when progress bar is clicked","status":"failed","title":"should seek when progress bar is clicked","duration":1,"failureMessages":["EventSource is not defined"],"location":{"line":40,"column":16}},{"ancestorTitles":["","NowPlayingTab","Polling and cleanup"],"fullName":" NowPlayingTab Polling and cleanup should set up interval on mount and clear on unmount","status":"failed","title":"should set up interval on mount and clear on unmount","duration":1,"failureMessages":["EventSource is not defined"],"location":{"line":40,"column":16}},{"ancestorTitles":["","NowPlayingTab","Polling and cleanup"],"fullName":" NowPlayingTab Polling and cleanup should update poll interval on visibility change to hidden","status":"failed","title":"should update poll interval on visibility change to hidden","duration":1,"failureMessages":["EventSource is not defined"],"location":{"line":40,"column":16}}],"startTime":1774221326417,"endTime":1774221326494,"status":"failed","message":"","name":"/Users/noahheath/Workspace/video-downloader/.claude/worktrees/hardcore-goldstine/frontend/src/components/NowPlaying/NowPlayingTab.test.tsx"},{"assertionResults":[{"ancestorTitles":["","QueueTab","Search functionality"],"fullName":" QueueTab Search functionality should render search input and button","status":"passed","title":"should render search input and button","duration":99,"failureMessages":[]},{"ancestorTitles":["","QueueTab","Search functionality"],"fullName":" QueueTab Search functionality should disable search button when input is empty","status":"passed","title":"should disable search button when input is empty","duration":34,"failureMessages":[]},{"ancestorTitles":["","QueueTab","Search functionality"],"fullName":" QueueTab Search functionality should enable search button when input has value","status":"passed","title":"should enable search button when input has value","duration":81,"failureMessages":[]},{"ancestorTitles":["","QueueTab","Search functionality"],"fullName":" QueueTab Search functionality should call searchMedia on form submit","status":"passed","title":"should call searchMedia on form submit","duration":82,"failureMessages":[]},{"ancestorTitles":["","QueueTab","Search functionality"],"fullName":" QueueTab Search functionality should show warning toast if search returns warning","status":"passed","title":"should show warning toast if search returns warning","duration":71,"failureMessages":[]},{"ancestorTitles":["","QueueTab","Search functionality"],"fullName":" QueueTab Search functionality should show error toast on search failure","status":"passed","title":"should show error toast on search failure","duration":61,"failureMessages":[]},{"ancestorTitles":["","QueueTab","Job list rendering"],"fullName":" QueueTab Job list rendering should render job list from polling","status":"passed","title":"should render job list from polling","duration":8,"failureMessages":[]},{"ancestorTitles":["","QueueTab","Job list rendering"],"fullName":" QueueTab Job list rendering should show empty state when no jobs","status":"passed","title":"should show empty state when no jobs","duration":3,"failureMessages":[]},{"ancestorTitles":["","QueueTab","Job status badges"],"fullName":" QueueTab Job status badges should show success badge for complete status","status":"passed","title":"should show success badge for complete status","duration":4,"failureMessages":[]},{"ancestorTitles":["","QueueTab","Job status badges"],"fullName":" QueueTab Job status badges should show error badge for failed status","status":"passed","title":"should show error badge for failed status","duration":4,"failureMessages":[]},{"ancestorTitles":["","QueueTab","Job status badges"],"fullName":" QueueTab Job status badges should show info badge for downloading status","status":"passed","title":"should show info badge for downloading status","duration":9,"failureMessages":[]},{"ancestorTitles":["","QueueTab","Job status badges"],"fullName":" QueueTab Job status badges should show accent badge for pending status","status":"passed","title":"should show accent badge for pending status","duration":6,"failureMessages":[]},{"ancestorTitles":["","QueueTab","Progress bar"],"fullName":" QueueTab Progress bar should render progress bar for active jobs","status":"passed","title":"should render progress bar for active jobs","duration":5,"failureMessages":[]},{"ancestorTitles":["","QueueTab","Progress bar"],"fullName":" QueueTab Progress bar should not render progress bar for completed jobs","status":"passed","title":"should not render progress bar for completed jobs","duration":4,"failureMessages":[]},{"ancestorTitles":["","QueueTab","Job actions"],"fullName":" QueueTab Job actions should delete job when delete button clicked","status":"passed","title":"should delete job when delete button clicked","duration":42,"failureMessages":[]},{"ancestorTitles":["","QueueTab","Job actions"],"fullName":" QueueTab Job actions should show error toast when delete fails","status":"passed","title":"should show error toast when delete fails","duration":37,"failureMessages":[]},{"ancestorTitles":["","QueueTab","Job actions"],"fullName":" QueueTab Job actions should cancel active job when Cancel button clicked","status":"passed","title":"should cancel active job when Cancel button clicked","duration":34,"failureMessages":[]},{"ancestorTitles":["","QueueTab","Job actions"],"fullName":" QueueTab Job actions should retry failed job when Retry button clicked","status":"passed","title":"should retry failed job when Retry button clicked","duration":38,"failureMessages":[]},{"ancestorTitles":["","QueueTab","Job actions"],"fullName":" QueueTab Job actions should show error toast when retry fails","status":"passed","title":"should show error toast when retry fails","duration":37,"failureMessages":[]},{"ancestorTitles":["","QueueTab","Download streams"],"fullName":" QueueTab Download streams should render stream list after search","status":"passed","title":"should render stream list after search","duration":59,"failureMessages":[]},{"ancestorTitles":["","QueueTab","Download streams"],"fullName":" QueueTab Download streams should render RD Cached badge for cached streams","status":"passed","title":"should render RD Cached badge for cached streams","duration":57,"failureMessages":[]},{"ancestorTitles":["","QueueTab","Download streams"],"fullName":" QueueTab Download streams should render seeders badge for streams with seeders","status":"passed","title":"should render seeders badge for streams with seeders","duration":56,"failureMessages":[]},{"ancestorTitles":["","QueueTab","Download streams"],"fullName":" QueueTab Download streams should download stream when Download button clicked","status":"passed","title":"should download stream when Download button clicked","duration":86,"failureMessages":[]},{"ancestorTitles":["","QueueTab","Download streams"],"fullName":" QueueTab Download streams should show error toast when download fails","status":"passed","title":"should show error toast when download fails","duration":85,"failureMessages":[]},{"ancestorTitles":["","QueueTab","Download streams"],"fullName":" QueueTab Download streams should show media poster when search result has poster_url","status":"passed","title":"should show media poster when search result has poster_url","duration":59,"failureMessages":[]},{"ancestorTitles":["","QueueTab","Download streams"],"fullName":" QueueTab Download streams should show no streams message when streams list is empty","status":"passed","title":"should show no streams message when streams list is empty","duration":52,"failureMessages":[]},{"ancestorTitles":["","QueueTab","Search edge cases"],"fullName":" QueueTab Search edge cases should not call searchMedia when query is only whitespace","status":"passed","title":"should not call searchMedia when query is only whitespace","duration":32,"failureMessages":[]},{"ancestorTitles":["","QueueTab","Search edge cases"],"fullName":" QueueTab Search edge cases should show Searching... text on button while loading","status":"passed","title":"should show Searching... text on button while loading","duration":57,"failureMessages":[]},{"ancestorTitles":["","QueueTab","Download edge cases"],"fullName":" QueueTab Download edge cases should not attempt download when no search result is present","status":"passed","title":"should not attempt download when no search result is present","duration":15,"failureMessages":[]},{"ancestorTitles":["","QueueTab","Job display details"],"fullName":" QueueTab Job display details should show job query when title is null","status":"passed","title":"should show job query when title is null","duration":4,"failureMessages":[]},{"ancestorTitles":["","QueueTab","Job display details"],"fullName":" QueueTab Job display details should show download progress with bytes when available","status":"passed","title":"should show download progress with bytes when available","duration":5,"failureMessages":[]},{"ancestorTitles":["","QueueTab","Job display details"],"fullName":" QueueTab Job display details should filter to show only done/complete jobs","status":"passed","title":"should filter to show only done/complete jobs","duration":34,"failureMessages":[]},{"ancestorTitles":["","QueueTab","Search result display"],"fullName":" QueueTab Search result display should show search result media info including overview and IMDb badge","status":"passed","title":"should show search result media info including overview and IMDb badge","duration":58,"failureMessages":[]},{"ancestorTitles":["","QueueTab","Polling error handling"],"fullName":" QueueTab Polling error handling should log error when getJobs fetch fails","status":"passed","title":"should log error when getJobs fetch fails","duration":54,"failureMessages":[]},{"ancestorTitles":["","QueueTab","Job filter tabs"],"fullName":" QueueTab Job filter tabs should filter to show only active jobs","status":"passed","title":"should filter to show only active jobs","duration":39,"failureMessages":[]},{"ancestorTitles":["","QueueTab","Job filter tabs"],"fullName":" QueueTab Job filter tabs should filter to show only cancelled jobs under failed tab","status":"passed","title":"should filter to show only cancelled jobs under failed tab","duration":31,"failureMessages":[]},{"ancestorTitles":["","QueueTab","Job filter tabs"],"fullName":" QueueTab Job filter tabs should show job error message when error field is set","status":"passed","title":"should show job error message when error field is set","duration":5,"failureMessages":[]},{"ancestorTitles":["","QueueTab","Job filter tabs"],"fullName":" QueueTab Job filter tabs should show job torrent_name when available","status":"passed","title":"should show job torrent_name when available","duration":4,"failureMessages":[]}],"startTime":1774221326394,"endTime":1774221327846,"status":"passed","message":"","name":"/Users/noahheath/Workspace/video-downloader/.claude/worktrees/hardcore-goldstine/frontend/src/components/Queue/QueueTab.test.tsx"}]}